This is a log message.F:\作业\ASU\CSE 598\A6\A5\
Username: admin, Role: 1
This is a log message.F:\作业\ASU\CSE 598\A6\A5\
Username: user, Role: 2
This is a log message.F:\作业\ASU\CSE 598\A6\A5\
Username: TA, Role: 1
This is a log message.F:\作业\ASU\CSE 598\A6\A5\
Username: member, Role: 2
This is a log message.F:\作业\ASU\CSE 598\A6\A5\
Username: admin, Role: 1
This is a log message.F:\作业\ASU\CSE 598\A6\A5\
Username: user, Role: 2
This is a log message.F:\作业\ASU\CSE 598\A6\A5\
Username: TA, Role: 1
This is a log message.F:\作业\ASU\CSE 598\A6\A5\
Username: member, Role: 2
new dict.
Username: admin, Role: 1
new dict.
Username: user, Role: 2
new dict.
Username: TA, Role: 1
new dict.
Username: member, Role: 2
new dict.
Username: admin111, Role: 1
This is a log message.F:\作业\ASU\CSE 598\A6\A5\
Username: admin, Role: 1
This is a log message.F:\作业\ASU\CSE 598\A6\A5\
Username: user, Role: 2
This is a log message.F:\作业\ASU\CSE 598\A6\A5\
Username: TA, Role: 1
This is a log message.F:\作业\ASU\CSE 598\A6\A5\
Username: member, Role: 2
This is a log message.F:\作业\ASU\CSE 598\A6\A5\
Username: admin111, Role: 1
This is a log message.F:\作业\ASU\CSE 598\A6\A5\
Username: admin, Role: 1
This is a log message.F:\作业\ASU\CSE 598\A6\A5\
Username: user, Role: 2
This is a log message.F:\作业\ASU\CSE 598\A6\A5\
Username: TA, Role: 1
This is a log message.F:\作业\ASU\CSE 598\A6\A5\
Username: member, Role: 2
This is a log message.F:\作业\ASU\CSE 598\A6\A5\
Username: admin111, Role: 1
This is a log message.F:\作业\ASU\CSE 598\A6\A5\
Username: admin, Role: 1
This is a log message.F:\作业\ASU\CSE 598\A6\A5\
Username: user, Role: 2
This is a log message.F:\作业\ASU\CSE 598\A6\A5\
Username: TA, Role: 1
This is a log message.F:\作业\ASU\CSE 598\A6\A5\
Username: member, Role: 2
This is a log message.F:\作业\ASU\CSE 598\A6\A5\
Username: admin111, Role: 1
